Writer has terminated. sum=609267052
Writer has terminated. sum=-2023854920
Writer has terminated. sum=-2025221388
Writer has terminated. sum=-2029924760
Writer has terminated. sum=-2027305636
Writer has terminated. sum=-2024763887
Writer has terminated. sum=-2026264010
Writer has terminated. sum=-2037060250
Writer has terminated. sum=-2027280028
Writer has terminated. sum=-2030417271
Writer has terminated. sum=-2049704656
Writer has terminated. sum=-2044744303
Writer has terminated. sum=-2063038833
Writer has terminated. sum=1291611110
Writer has terminated. sum=1401111349
Writer has terminated. sum=1856994168
Writer has terminated. sum=-2118466093
Writer has terminated. sum=-2124853905
Writer has terminated. sum=-2127387461
Writer has terminated. sum=-2131059395
Reader has terminated, v1=9999999, sum=-89657640
Reader has terminated, v1=9999999, sum=5046733
Reader has terminated, v1=9999999, sum=6980002
Reader has terminated, v1=9999999, sum=2454817
Reader has terminated, v1=9999999, sum=-104281790
5157678290
Reader has terminated, v1=9999999, sum=70071122
5502765191
Reader has terminated, v1=9999999, sum=-3193737
Reader has terminated, v1=9999999, sum=-40518435
Reader has terminated, v1=9999999, sum=9496143
Reader has terminated, v1=9999999, sum=1732707995
5264397727
Reader has terminated, v1=9999999, sum=-17507060
5508077734
Reader has terminated, v1=9999999, sum=-90388487
5509671932
5141310079
5420076675
5508728865
Reader has terminated, v1=9999999, sum=8723908
Reader has terminated, v1=9999999, sum=7996020
5284440497
Reader has terminated, v1=9999999, sum=10405110
5254323051
Reader has terminated, v1=9999999, sum=3009984
5245931270
Reader has terminated, v1=9999999, sum=-2129754862
Reader has terminated, v1=9999999, sum=4182022
5510023722
Reader has terminated, v1=9999999, sum=-94826118
5144056727
Reader has terminated, v1=9999999, sum=2552313
5509499283
Reader has terminated, v1=9999999, sum=-18585415
5174912676
Reader has terminated, v1=9999999, sum=-864547670
5112062855
Writer has terminated. sum=-680463523
5432462678
Reader has terminated, v1=9999999, sum=-1206803379
5512301247
5119900370
5221367050
Writer has terminated. sum=-2024260031
Writer has terminated. sum=-2024769664
Writer has terminated. sum=-2026520779
Writer has terminated. sum=-2023946940
Writer has terminated. sum=-2031627278
Writer has terminated. sum=-1032885069
Writer has terminated. sum=-1971129697
Writer has terminated. sum=-2028225319
Writer has terminated. sum=-2029382524
Writer has terminated. sum=1783355352
Writer has terminated. sum=-2037360534
Writer has terminated. sum=-2035651800
Writer has terminated. sum=-2055913163
Writer has terminated. sum=-2038575188
Writer has terminated. sum=-2040049078
Writer has terminated. sum=848759464
Writer has terminated. sum=-2060991125
Writer has terminated. sum=-2059159281
Writer has terminated. sum=321938865
Writer has terminated. sum=-2067692153
Writer has terminated. sum=610041093
Writer has terminated. sum=-2068814105
Writer has terminated. sum=-2133520607
Writer has terminated. sum=-1912299346
Writer has terminated. sum=-873538262
Writer has terminated. sum=560814136
Writer has terminated. sum=1864403459
Reader has terminated, v1=9999999, sum=-27509721
5464525618
Reader has terminated, v1=9999999, sum=-34554075
5455995558
Reader has terminated, v1=9999999, sum=-232554959
5103982002
Reader has terminated, v1=9999999, sum=4865652
5036689509
Reader has terminated, v1=9999999, sum=-1487781921
5444838055
Reader has terminated, v1=9999999, sum=1353505031
5087970401
Reader has terminated, v1=9999999, sum=10313090
4988404251
Reader has terminated, v1=9999999, sum=-767420565
5448330963
Reader has terminated, v1=9999999, sum=492382923
5480473599
Reader has terminated, v1=9999999, sum=-24178156
5470243947
Reader has terminated, v1=9999999, sum=-12031905
Reader has terminated, v1=9999999, sum=9999999
5476752388
Reader has terminated, v1=9999999, sum=4877506
Reader has terminated, v1=9999999, sum=2632752
5057261961
Reader has terminated, v1=9999999, sum=-26731095
5439296233
Reader has terminated, v1=9999999, sum=-4105770
5471541669
Reader has terminated, v1=9999999, sum=-199585755
5492300948
Reader has terminated, v1=9999999, sum=-820486694
5457993305
Reader has terminated, v1=9999999, sum=-1445761204
5482408414
Reader has terminated, v1=9999999, sum=-31933310
5440422494
Reader has terminated, v1=9999999, sum=-1391770
5467608001
Reader has terminated, v1=9999999, sum=-7039527
Reader has terminated, v1=9999999, sum=314563551
5499347025
Reader has terminated, v1=9999999, sum=7739251
5459709576
Reader has terminated, v1=9999999, sum=9490366
5036164659
Reader has terminated, v1=9999999, sum=-1332615466
5024290939
Reader has terminated, v1=9999999, sum=-1601867937
5497706241
5468901601
Writer has terminated. sum=-2028898494
5234593309
Writer has terminated. sum=-2030029143
5225413582
5523687263
5071932546
5529928836
Writer has terminated. sum=1864682197
Reader has terminated, v1=19999998, sum=-1311128868
6210622101
Writer has terminated. sum=697515235
Writer has terminated. sum=2048373007
Reader has terminated, v1=9999999, sum=-314804009
6164068004
Reader has terminated, v1=9999999, sum=-212624444
6526658736
Writer has terminated. sum=2060167314
Reader has terminated, v1=9999999, sum=-250603050
Writer has terminated. sum=2092902055
Reader has terminated, v1=9999999, sum=-152156029
Writer has terminated. sum=2126476681
Reader has terminated, v1=0, sum=-175152517
8826169512
9096615639
8884091825
Writer has terminated. sum=-2023951486
Reader has terminated, v1=9999999, sum=-53909768
Writer has terminated. sum=-2025007030
Writer has terminated. sum=-2024423968
Writer has terminated. sum=-2026499295
Writer has terminated. sum=-2026103443
Writer has terminated. sum=-2026487717
Writer has terminated. sum=-2028777423
Writer has terminated. sum=-2032824787
Writer has terminated. sum=-2032560402
Writer has terminated. sum=-2031410744
Writer has terminated. sum=-2037093983
Writer has terminated. sum=-2034626431
Writer has terminated. sum=-2043833754
Writer has terminated. sum=-2039585204
Writer has terminated. sum=-2044137001
Writer has terminated. sum=-2061352393
Writer has terminated. sum=-2069418292
Writer has terminated. sum=-2044649130
Writer has terminated. sum=-2058867715
Writer has terminated. sum=-2076790336
Writer has terminated. sum=-2064672498
Writer has terminated. sum=-2068370208
Writer has terminated. sum=-2084759719
Writer has terminated. sum=581093696
Writer has terminated. sum=1389474619
Writer has terminated. sum=-2093285003
Writer has terminated. sum=-2116777343
Writer has terminated. sum=-2088871931
Writer has terminated. sum=2136404614
Writer has terminated. sum=-2092011672
Writer has terminated. sum=-2143157907
Writer has terminated. sum=2091110334
Writer has terminated. sum=-2090385766
Writer has terminated. sum=-58878144
Writer has terminated. sum=83321059
Writer has terminated. sum=1797351461
Writer has terminated. sum=-2116122914
Writer has terminated. sum=905082926
Writer has terminated. sum=-2135248269
Writer has terminated. sum=-1420088190
Reader has terminated, v1=9999999, sum=-1627628432
6613332180
Writer has terminated. sum=-91284313
Reader has terminated, v1=9999999, sum=-32992501
6804318337
Reader has terminated, v1=9999999, sum=-24427052
6828773197
Reader has terminated, v1=9999999, sum=-97295975
Reader has terminated, v1=9999999, sum=7772313
6953613655
Reader has terminated, v1=9999999, sum=2657414
6945111105
Reader has terminated, v1=9999999, sum=470082421
Reader has terminated, v1=9999999, sum=-53960095
6716029949
Reader has terminated, v1=9999999, sum=-658739445
Writer has terminated. sum=2073941416
Reader has terminated, v1=9999999, sum=-175046344
Reader has terminated, v1=9999999, sum=-185837800
Reader has terminated, v1=9999999, sum=-14988666
6843683403
Reader has terminated, v1=9999999, sum=-72221425
6724281274
Reader has terminated, v1=9999999, sum=-183686528
Reader has terminated, v1=9999999, sum=326159036
9108969094
Reader has terminated, v1=9999999, sum=8167854
6974809365
Reader has terminated, v1=9999999, sum=-39359341
Reader has terminated, v1=9999999, sum=-133079639
Reader has terminated, v1=9999999, sum=-27882678
Reader has terminated, v1=9999999, sum=10308544
Reader has terminated, v1=9999999, sum=-1202706867
Reader has terminated, v1=9999999, sum=-4278569
6947123022
Reader has terminated, v1=9999999, sum=2234849
Reader has terminated, v1=9999999, sum=-118669654
Reader has terminated, v1=9999999, sum=1161562
Reader has terminated, v1=9999999, sum=9917213
6684495217
6605239253
6753267790
11989339075
6640722121
6830204873
6669472353
6826752900
6985542299
6611330885
6918808670
6661310285
6944191790
6981774984
Reader has terminated, v1=9999999, sum=-112519818
6646400708
Reader has terminated, v1=9999999, sum=-3859233
Reader has terminated, v1=9999999, sum=-60473187
6746772195
Writer has terminated. sum=2100037893
Reader has terminated, v1=9999999, sum=-47201581
6824165071
Reader has terminated, v1=9999999, sum=-102036313
6655945559
Reader has terminated, v1=9999999, sum=-8846185
6913030842
6866734728
Reader has terminated, v1=9999999, sum=543038610
Reader has terminated, v1=9999999, sum=-46273186
6810442723
Reader has terminated, v1=9999999, sum=-52565513
Reader has terminated, v1=9999999, sum=-16325037
6858804182
Reader has terminated, v1=9999999, sum=-9352276
6880642152
Reader has terminated, v1=9999999, sum=-657234170
6782384335
6765292148
6712049975
12021286087
Reader has terminated, v1=9999999, sum=9836062
Reader has terminated, v1=9999999, sum=8156587
6973457515
Reader has terminated, v1=9999999, sum=-79242
Reader has terminated, v1=9999999, sum=-1756492187
6629769048
6724083138
6902380815
8858461545
Reader has terminated, v1=9999999, sum=864053176
Reader has terminated, v1=19999998, sum=-154566839
Writer has terminated. sum=325467674
Writer has terminated. sum=717432656
9138149407
Writer has terminated. sum=2131961513
Writer has terminated. sum=2140266641
Writer has terminated. sum=1571831633
Writer has terminated. sum=2117369700
Writer has terminated. sum=1625722047
Writer has terminated. sum=258407538
Writer has terminated. sum=2113807899
9206258697
Reader has terminated, v1=9999999, sum=-1872299645
Reader has terminated, v1=9999999, sum=-154552057
8833133667
Reader has terminated, v1=9999999, sum=-1892006405
8935527902
Reader has terminated, v1=9999999, sum=1933089586
9003948825
Reader has terminated, v1=9999999, sum=-1240377261
Reader has terminated, v1=9999999, sum=-126222508
8875976962
Reader has terminated, v1=9999999, sum=545425762
8952411056
Reader has terminated, v1=9999999, sum=-135175388
9040420365
Reader has terminated, v1=9999999, sum=-1933266521
8904871424
Writer has terminated. sum=1807247433
8928979026
Writer has terminated. sum=-1251374362
9025101099
