Writer has terminated. sum=-2024260031
Writer has terminated. sum=-2024260031
Reader has terminated, v1=0, sum=0
Reader has terminated, v1=19999998, sum=39999996
76028943
78550909
Writer has terminated. sum=1362895977
Reader has terminated, v1=0, sum=465446925
80137843
Writer has terminated. sum=-2024260031
Reader has terminated, v1=0, sum=0
99779935
Writer has terminated. sum=-1370442234
Reader has terminated, v1=0, sum=-2026898712
106791305
Writer has terminated. sum=-2024260031
Reader has terminated, v1=1279942656, sum=1950700900
108729889
Reader has terminated, v1=0, sum=-189502416
Writer has terminated. sum=-2024260031
14061980
Writer has terminated. sum=-2024260031
Reader has terminated, v1=0, sum=0
17787103
Writer has terminated. sum=-2024260031
Reader has terminated, v1=0, sum=1851514272
24068145
Reader has terminated, v1=0, sum=157087776
Writer has terminated. sum=-2024260031
36842113
Writer has terminated. sum=-2024260031
Reader has terminated, v1=0, sum=0
39169923
Writer has terminated. sum=-2024260031
Reader has terminated, v1=0, sum=1695591008
48308307
Writer has terminated. sum=-2024260031
Reader has terminated, v1=0, sum=792576480
56386495
Reader has terminated, v1=-999882752, sum=715400928
Writer has terminated. sum=-2024260031
61619638
Writer has terminated. sum=-2024260031
Reader has terminated, v1=0, sum=355516640
66433236
Writer has terminated. sum=-2024260031
Reader has terminated, v1=0, sum=606233568
71559096
Writer has terminated. sum=-2024260031
Reader has terminated, v1=1279787008, sum=1782835072
82581100
Reader has terminated, v1=0, sum=-817438560
Writer has terminated. sum=-2024260031
89226774
Writer has terminated. sum=-2024260031
Reader has terminated, v1=0, sum=1695418368
97801890
Writer has terminated. sum=-2024260031
Reader has terminated, v1=0, sum=-1067550880
104830157
Writer has terminated. sum=-2024260031
Reader has terminated, v1=0, sum=-1512091488
112381121
Writer has terminated. sum=-2024260031
Reader has terminated, v1=0, sum=-475387072
123023392
Writer has terminated. sum=-2024260031
Reader has terminated, v1=1160773632, sum=-2108343936
126595497
Writer has terminated. sum=-2024260031
Reader has terminated, v1=0, sum=-1283741664
130106416
Writer has terminated. sum=-2024260031
Reader has terminated, v1=0, sum=-755373280
135184853
Writer has terminated. sum=-2024260031
Reader has terminated, v1=0, sum=779494688
144314373
Writer has terminated. sum=-2024260031
Reader has terminated, v1=0, sum=-1654934592
151844864
Writer has terminated. sum=-2024260031
Reader has terminated, v1=0, sum=-2104315328
162043509
Writer has terminated. sum=-2024260031
Reader has terminated, v1=0, sum=-1908577152
166061895
Reader has terminated, v1=0, sum=1694224480
Writer has terminated. sum=-2024260031
172541211
Writer has terminated. sum=-2024260031
Reader has terminated, v1=0, sum=1969674144
179522128
Writer has terminated. sum=-2024260031
Reader has terminated, v1=0, sum=1385466560
186324179
Writer has terminated. sum=-2024260031
Reader has terminated, v1=0, sum=-168818048
193746352
Reader has terminated, v1=319958016, sum=-1025248864
Writer has terminated. sum=-2024260031
198122395
Writer has terminated. sum=-2024260031
Reader has terminated, v1=1279770624, sum=-2025805984
201871546
Writer has terminated. sum=-2024260031
Reader has terminated, v1=0, sum=2105514592
206699680
Writer has terminated. sum=-2024260031
Reader has terminated, v1=0, sum=1646695840
210843780
Writer has terminated. sum=-2024260031
Reader has terminated, v1=0, sum=-19994752
224110763
Writer has terminated. sum=-2024260031
Reader has terminated, v1=0, sum=-195844480
230254978
Writer has terminated. sum=-2024260031
Reader has terminated, v1=1279645696, sum=-1877711264
237265854
Writer has terminated. sum=-2024260031
Reader has terminated, v1=0, sum=0
246834324
Writer has terminated. sum=-2024260031
Writer has terminated. sum=-2024260031
Reader has terminated, v1=19999998, sum=39999996
261005818
Reader has terminated, v1=0, sum=-11780416
261819330
Writer has terminated. sum=-2024260031
Reader has terminated, v1=0, sum=0
269158596
Writer has terminated. sum=-2024260031
Reader has terminated, v1=0, sum=-491669696
281102645
Writer has terminated. sum=-2024260031
Writer has terminated. sum=-2024260031
Reader has terminated, v1=0, sum=510660768
308441737
Reader has terminated, v1=0, sum=0
307806880
Writer has terminated. sum=-2024260031
Reader has terminated, v1=19999998, sum=39999996
336065780
Writer has terminated. sum=-2024260031
Reader has terminated, v1=0, sum=846623168
342020173
Writer has terminated. sum=-2024260031
Reader has terminated, v1=1279782912, sum=-872918144
49175038
Writer has terminated. sum=-2024260031
Writer has terminated. sum=-2024260031
Reader has terminated, v1=19999998, sum=23591196
72386787
Writer has terminated. sum=-2024260031
Reader has terminated, v1=0, sum=0
79865463
Reader has terminated, v1=0, sum=0
81146212
Writer has terminated. sum=-2024260031
Writer has terminated. sum=-2024260031
Reader has terminated, v1=19999998, sum=39999996
Reader has terminated, v1=0, sum=0
Writer has terminated. sum=-2024260031
Reader has terminated, v1=0, sum=0
117464167
123710497
117662656
Writer has terminated. sum=-2024260031
Reader has terminated, v1=0, sum=0
131612830
Writer has terminated. sum=-2024260031
Reader has terminated, v1=0, sum=132723360
154661499
Writer has terminated. sum=-2024260031
Reader has terminated, v1=0, sum=-1290088320
465726264
Writer has terminated. sum=-2024260031
Reader has terminated, v1=0, sum=183694272
582140787
Writer has terminated. sum=-2024260031
Reader has terminated, v1=19999998, sum=915450300
181144128
Writer has terminated. sum=-2024260031
Reader has terminated, v1=0, sum=0
184202470
Writer has terminated. sum=-2024260031
Reader has terminated, v1=1038090240, sum=-1982512000
157051399
Reader has terminated, v1=0, sum=1768414368
Writer has terminated. sum=-2024260031
162653085
Writer has terminated. sum=-2024260031
Reader has terminated, v1=0, sum=-1378492928
169949476
Writer has terminated. sum=-2024260031
Reader has terminated, v1=0, sum=479180896
179643232
Writer has terminated. sum=-2024260031
Reader has terminated, v1=0, sum=-1345701216
184067679
Reader has terminated, v1=0, sum=-877056096
Writer has terminated. sum=-2024260031
188566790
Writer has terminated. sum=-2024260031
Reader has terminated, v1=0, sum=-208796672
194613852
Writer has terminated. sum=-2024260031
Reader has terminated, v1=0, sum=697291616
200553644
Writer has terminated. sum=-2024260031
Reader has terminated, v1=0, sum=25472384
206849767
Reader has terminated, v1=0, sum=1219660800
Writer has terminated. sum=-2024260031
213009557
Writer has terminated. sum=-2024260031
Reader has terminated, v1=0, sum=1963068160
219582532
Writer has terminated. sum=-2024260031
Reader has terminated, v1=1375731712, sum=1700291776
224991527
Writer has terminated. sum=-2024260031
Reader has terminated, v1=0, sum=907034208
237110322
Reader has terminated, v1=0, sum=-604670848
Writer has terminated. sum=-2024260031
242473918
Writer has terminated. sum=-2024260031
Reader has terminated, v1=0, sum=-360030176
253303162
Writer has terminated. sum=-2024260031
Reader has terminated, v1=0, sum=-16366272
269108454
Writer has terminated. sum=-2024260031
Reader has terminated, v1=0, sum=2025469984
272428287
Reader has terminated, v1=0, sum=78704736
Writer has terminated. sum=-2024260031
283260811
Writer has terminated. sum=-2024260031
Reader has terminated, v1=0, sum=-181119808
290802411
Writer has terminated. sum=-2024260031
Reader has terminated, v1=0, sum=1033006624
298100475
Writer has terminated. sum=-2024260031
Reader has terminated, v1=0, sum=-862082080
305573770
Writer has terminated. sum=-2024260031
Reader has terminated, v1=0, sum=301427488
312682776
Writer has terminated. sum=-2024260031
Reader has terminated, v1=0, sum=804702272
322354955
Writer has terminated. sum=-2024260031
Reader has terminated, v1=0, sum=-10165792
328372201
Writer has terminated. sum=-2024260031
Reader has terminated, v1=0, sum=-1432526400
332748389
Reader has terminated, v1=0, sum=-1144663168
Writer has terminated. sum=-2024260031
340437213
Writer has terminated. sum=-2024260031
Reader has terminated, v1=0, sum=902756512
345683410
Writer has terminated. sum=-2024260031
Reader has terminated, v1=0, sum=-1078485088
356575856
Writer has terminated. sum=-2024260031
Reader has terminated, v1=0, sum=-1465042112
365257131
Reader has terminated, v1=0, sum=526893632
Writer has terminated. sum=-2024260031
370144971
Writer has terminated. sum=-2024260031
Reader has terminated, v1=0, sum=537583264
376573232
Writer has terminated. sum=-2024260031
Reader has terminated, v1=0, sum=377908736
387366713
Writer has terminated. sum=-2024260031
Reader has terminated, v1=0, sum=-1454145600
394907897
Reader has terminated, v1=79991040, sum=1315620864
Writer has terminated. sum=-2024260031
401073487
Writer has terminated. sum=-2024260031
Reader has terminated, v1=-1735761920, sum=-2054678656
431066967
Writer has terminated. sum=-2024260031
Reader has terminated, v1=0, sum=-1805375328
435933158
Writer has terminated. sum=-2024260031
Reader has terminated, v1=0, sum=-1824342464
448851283
Writer has terminated. sum=-2024260031
Reader has terminated, v1=0, sum=0
435395375
Writer has terminated. sum=-2024260031
Reader has terminated, v1=0, sum=-1794001600
446063495
Writer has terminated. sum=-2024260031
Reader has terminated, v1=73521024, sum=70833216
451747599
Writer has terminated. sum=-2024260031
Reader has terminated, v1=0, sum=-680596896
458905351
Writer has terminated. sum=-2024260031
Writer has terminated. sum=-2024260031
Reader has terminated, v1=0, sum=922040000
465372027
Reader has terminated, v1=0, sum=1647055424
467768000
Writer has terminated. sum=-2024260031
Reader has terminated, v1=0, sum=1471376672
474922680
Writer has terminated. sum=-2024260031
Reader has terminated, v1=0, sum=1217372160
486271751
Reader has terminated, v1=0, sum=1066740320
Writer has terminated. sum=-2024260031
491339994
Writer has terminated. sum=-2024260031
Reader has terminated, v1=0, sum=1585952512
498749105
Writer has terminated. sum=-2024260031
Reader has terminated, v1=0, sum=-1534508288
501127413
